<?xml version="1.0" encoding="UTF-8"?>
<!-- Generated by org.testng.reporters.JUnitXMLReporter -->
<testsuite ignored="0" hostname="DESKTOP-JB2312J" failures="0" tests="4" name="Default test" time="1.2" errors="0" timestamp="25 Mar 2018 17:34:47 GMT">
  <testcase classname="webdriver.TestCase" name="test" time="0.344"/>
  <testcase classname="webdriver.TestCase" name="test" time="0.031"/>
  <testcase classname="webdriver.TestCase" name="test" time="0.031"/>
  <testcase classname="webdriver.TestCase" name="test" time="0.032"/>
</testsuite> <!-- Default test -->
